<?xml version="1.0" encoding="UTF-8"?>
<testng-results skipped="0" failed="0" ignored="0" total="1" passed="1">
  <reporter-output>
  </reporter-output>
  <suite name="Default suite" duration-ms="59" started-at="2022-03-22T22:39:00 IST" finished-at="2022-03-22T22:39:00 IST">
    <groups>
    </groups>
    <test name="Default test" duration-ms="59" started-at="2022-03-22T22:39:00 IST" finished-at="2022-03-22T22:39:00 IST">
      <class name="BaseClass.BaseClass">
        <test-method status="PASS" signature="OpenBrowser()[pri:0, instance:BaseClass.BaseClass@1d7acb34]" name="OpenBrowser" duration-ms="9" started-at="2022-03-22T22:39:00 IST" finished-at="2022-03-22T22:39:00 IST">
          <reporter-output>
          </reporter-output>
        </test-method> <!-- OpenBrowser -->
      </class> <!-- BaseClass.BaseClass -->
    </test> <!-- Default test -->
  </suite> <!-- Default suite -->
</testng-results>
