<?xml version="1.0" encoding="UTF-8"?>
<testng-results skipped="0" failed="0" ignored="0" total="1" passed="1">
  <reporter-output>
  </reporter-output>
  <suite name="Default suite" duration-ms="52" started-at="2022-03-22T11:01:29Z" finished-at="2022-03-22T11:01:29Z">
    <groups>
    </groups>
    <test name="Default test" duration-ms="52" started-at="2022-03-22T11:01:29Z" finished-at="2022-03-22T11:01:29Z">
      <class name="BaseClass.BaseClass">
        <test-method status="PASS" signature="OpenBrowser()[pri:0, instance:BaseClass.BaseClass@47c62251]" name="OpenBrowser" duration-ms="14" started-at="2022-03-22T16:31:29Z" finished-at="2022-03-22T16:31:29Z">
          <reporter-output>
          </reporter-output>
        </test-method> <!-- OpenBrowser -->
      </class> <!-- BaseClass.BaseClass -->
    </test> <!-- Default test -->
  </suite> <!-- Default suite -->
</testng-results>
